

Started GET "/" for 127.0.0.1 at 2017-04-18 00:23:27 +0300
  [1m[36mActiveRecord::SchemaMigration Load (16.7ms)[0m  [1mSELECT "schema_migrations".* FROM "schema_migrations"[0m
Processing by UiController#index as HTML


Started GET "/" for 127.0.0.1 at 2017-04-18 00:23:27 +0300
  [1m[36mActiveRecord::SchemaMigration Load (0.6ms)[0m  [1mSELECT "schema_migrations".* FROM "schema_migrations"[0m
Processing by UiController#index as HTML
  Rendered ui/index.html.erb (6520.5ms)
Completed 200 OK in 6648ms (Views: 6615.6ms | ActiveRecord: 0.0ms)
  Rendered ui/index.html.erb (5844.9ms)
Completed 200 OK in 5919ms (Views: 5889.7ms | ActiveRecord: 0.0ms)


Started GET "/" for 127.0.0.1 at 2017-04-18 00:23:34 +0300
Processing by UiController#index as HTML
  Rendered ui/index.html.erb (312.4ms)
Completed 200 OK in 316ms (Views: 315.3ms | ActiveRecord: 0.0ms)


Started GET "/assets/angular-ui-router/angular-ui-router.self-8d1a567702decda3c48178b8db54b5b9dbe23f0f7b137aca5d7f2fa843efc7e1.js?body=1" for 127.0.0.1 at 2017-04-18 00:23:35 +0300


Started GET "/assets/spa-demo/config/config.module.self-b653e604c47fc0e11c7a18820e1edd96e723eb155dc1e9fe82a48cb9fcdf0462.js?body=1" for 127.0.0.1 at 2017-04-18 00:23:35 +0300


Started GET "/auth/validate_token" for 127.0.0.1 at 2017-04-18 00:23:36 +0300


Started GET "/assets/spa-demo/layout/navbar/navbar-55c778f9bd9d89868f73c357b831db078acc2969c34ee5bc3e845440d7fdd091.html" for 127.0.0.1 at 2017-04-18 00:23:36 +0300


Started GET "/assets/spa-demo/pages/about-e6312fb1ce61a10f1e7cd2d13b437be2e1aedd7f29fc474a4802f6b50489042e.html" for 127.0.0.1 at 2017-04-18 00:23:36 +0300
Processing by DeviseTokenAuth::TokenValidationsController#validate_token as HTML


Started GET "/assets/spa-demo/geoloc/current_origin/current_origin_selector-4e5620371d52202d514590fd0f99333b8c3c61fc81e44e51397650c6107ba2e6.html" for 127.0.0.1 at 2017-04-18 00:23:37 +0300


Started GET "/assets/spa-demo/authn/authn_session/authn_session-febc3c956a8a908d42a91c083d0e8ce6ca7bf3bbe676f7c288cd2adaabd9e8f4.html" for 127.0.0.1 at 2017-04-18 00:23:37 +0300
  [1m[35mUser Load (165.3ms)[0m  SELECT  "users".* FROM "users" WHERE "users"."uid" = $1 LIMIT 1  [["uid", "mike@bbunch.org"]]
  [1m[36m (0.5ms)[0m  [1mBEGIN[0m
  [1m[35mUser Load (25.3ms)[0m  SELECT  "users".* FROM "users" WHERE "users"."id" = $1 LIMIT 1 FOR UPDATE  [["id", 1]]
  [1m[36mSQL (18.3ms)[0m  [1mUPDATE "users" SET "tokens" = $1, "updated_at" = $2 WHERE "users"."id" = $3[0m  [["tokens", "{\"3fWKEEPcYVf5SUaBGp66Aw\":{\"token\":\"$2a$10$FXG7CxKtRqw037sJCwti1edQHlkrdseaigxPgIbBopcTe6JRMfuuu\",\"expiry\":1493564680,\"last_token\":\"$2a$10$0siuhcJb0edO.O20/TJ0NeRW6JcFa36S3YR4WMS3qvUVFnqofIirq\",\"updated_at\":\"2017-04-16T18:04:40.583+03:00\"},\"cY8fOx0V231T_gN9cFyVbg\":{\"token\":\"$2a$10$i5QeG/K7NIuo0CAkPHbXzODHDPvKMrIJJNTr5uzZxD6lCPm8AHcay\",\"expiry\":1493673818,\"last_token\":\"$2a$10$DirSEQdZVFf4iFLjvAlAVeKGDrPLfrsZJ6Vuig6vqRByRjXzB.jQ.\",\"updated_at\":\"2017-04-18T00:23:38.508+03:00\"}}"], ["updated_at", "2017-04-17 21:23:38.509934"], ["id", 1]]
  [1m[35m (46.4ms)[0m  COMMIT
Completed 200 OK in 1836ms (Views: 8.8ms | ActiveRecord: 351.0ms)


Started GET "/assets/spa-demo/pages/subjects_page-d07c30ba44f1034b5f3c13b58370f2edad3ef47b2f9c48fc1637ed1c0cc5b96a.html" for 127.0.0.1 at 2017-04-18 00:26:02 +0300
  [1m[36mActiveRecord::SchemaMigration Load (1.0ms)[0m  [1mSELECT "schema_migrations".* FROM "schema_migrations"[0m


Started GET "/assets/spa-demo/layout/areas/areas-45971bb1612786dff04e16f24d7bb7b0879eda0e40650ed944ef3a49bd5f1f69.html" for 127.0.0.1 at 2017-04-18 00:26:02 +0300


Started GET "/assets/spa-demo/layout/areas/area-ddcba5b9ee7dcdd3d6faa7a856059182ba333878bc6f28e3d718e7fdc8edf994.html" for 127.0.0.1 at 2017-04-18 00:26:02 +0300


Started GET "/assets/spa-demo/layout/tabs/tabs-ae22c495dbfb917966bdc4a4939c8134c8058c39d6a6b37dcbe581cd6627edca.html" for 127.0.0.1 at 2017-04-18 00:26:03 +0300


Started GET "/assets/spa-demo/layout/tabs/tab-ca64ac655f93bea43770de6133d6373f585d80bb96647aa695c53e630733e299.html" for 127.0.0.1 at 2017-04-18 00:26:03 +0300


Started GET "/assets/spa-demo/subjects/current_things/current_things-25d9e018e4fd7262fd79bc02fc9731841a43de0cc6e7519f632c3d09547d4806.html" for 127.0.0.1 at 2017-04-18 00:26:03 +0300


Started GET "/assets/spa-demo/subjects/current_images/current_images-c3753bab2a231eada127c95394e4d053ead90a31ff2bc130b30f06e10868eaf9.html" for 127.0.0.1 at 2017-04-18 00:26:03 +0300


Started GET "/assets/spa-demo/subjects/current_things/current_thing_info-2e24ad465c87f9b898c8e540dd72f2317eb3bc1e2fd98a79b61b8fa9ebb12028.html" for 127.0.0.1 at 2017-04-18 00:26:03 +0300


Started GET "/assets/spa-demo/subjects/current_images/current_image_viewer-6e2b1180de5e34285509998cd11d2573db371feeaab5cd7665b02c8dd1f405bf.html" for 127.0.0.1 at 2017-04-18 00:26:03 +0300


Started GET "/api/subjects?lat=39.28583496489344&lng=-76.61183685064316&order=ASC" for 127.0.0.1 at 2017-04-18 00:26:03 +0300
Processing by ThingImagesController#subjects as JSON
  Parameters: {"lat"=>"39.28583496489344", "lng"=>"-76.61183685064316", "order"=>"ASC"}
  [1m[35m (149.3ms)[0m  select max(modified) as last_modified from (
select max(updated_at) as modified from things
 union
select max(updated_at) as modified from images
 union
select max(updated_at) as modified from thing_images
) as x
Completed 304 Not Modified in 236ms (ActiveRecord: 149.3ms)


Started GET "/api/subjects?lat=39.28583496489344&lng=-76.61183685064316&order=ASC&subject=thing" for 127.0.0.1 at 2017-04-18 00:26:03 +0300
Processing by ThingImagesController#subjects as JSON
  Parameters: {"lat"=>"39.28583496489344", "lng"=>"-76.61183685064316", "order"=>"ASC", "subject"=>"thing"}
  [1m[36m (1.2ms)[0m  [1mselect max(modified) as last_modified from (
select max(updated_at) as modified from things
 union
select max(updated_at) as modified from images
 union
select max(updated_at) as modified from thing_images
) as x[0m
Completed 304 Not Modified in 3ms (ActiveRecord: 1.2ms)


Started GET "/authn/whoami" for 127.0.0.1 at 2017-04-18 00:26:03 +0300
Processing by AuthnController#whoami as JSON
  [1m[35mUser Load (2.2ms)[0m  SELECT  "users".* FROM "users" WHERE "users"."uid" = $1 LIMIT 1  [["uid", "mike@bbunch.org"]]
  [1m[36m (1.1ms)[0m  [1mSELECT "roles"."role_name", "roles"."mname" FROM "roles" WHERE "roles"."user_id" = $1 AND (mid is null)[0m  [["user_id", 1]]
  Rendered authn/whoami.json.jbuilder (180.3ms)
  [1m[35m (0.2ms)[0m  BEGIN
  [1m[36mUser Load (0.6ms)[0m  [1mSELECT  "users".* FROM "users" WHERE "users"."id" = $1 LIMIT 1 FOR UPDATE[0m  [["id", 1]]
  [1m[35mSQL (0.6ms)[0m  UPDATE "users" SET "tokens" = $1, "updated_at" = $2 WHERE "users"."id" = $3  [["tokens", "{\"3fWKEEPcYVf5SUaBGp66Aw\":{\"token\":\"$2a$10$FXG7CxKtRqw037sJCwti1edQHlkrdseaigxPgIbBopcTe6JRMfuuu\",\"expiry\":1493564680,\"last_token\":\"$2a$10$0siuhcJb0edO.O20/TJ0NeRW6JcFa36S3YR4WMS3qvUVFnqofIirq\",\"updated_at\":\"2017-04-16T18:04:40.583+03:00\"},\"cY8fOx0V231T_gN9cFyVbg\":{\"token\":\"$2a$10$NlF7K3lotIiP2wPs.zYmMuZCsjCNevWpO4LNorPd55eAH3U54AC.y\",\"expiry\":1493673964,\"last_token\":\"$2a$10$i5QeG/K7NIuo0CAkPHbXzODHDPvKMrIJJNTr5uzZxD6lCPm8AHcay\",\"updated_at\":\"2017-04-18T00:26:04.571+03:00\"}}"], ["updated_at", "2017-04-17 21:26:04.573579"], ["id", 1]]
  [1m[36m (75.2ms)[0m  [1mCOMMIT[0m
Completed 200 OK in 951ms (Views: 232.0ms | ActiveRecord: 88.4ms)


Started GET "/assets/spa-demo/layout/image_viewer/image_viewer-be2bbb01fc8ab65297909c228423a1f0e2563bf5794c3e1b3f426ff9fa562d96.html" for 127.0.0.1 at 2017-04-18 00:26:04 +0300


Started GET "/api/things/2" for 127.0.0.1 at 2017-04-18 00:26:04 +0300
  [1m[36mActiveRecord::SchemaMigration Load (0.7ms)[0m  [1mSELECT "schema_migrations".* FROM "schema_migrations"[0m


Started GET "/api/things/2" for 127.0.0.1 at 2017-04-18 00:26:04 +0300
Processing by ThingsController#show as JSON
  Parameters: {"id"=>"2"}
  [1m[35mThing Load (0.4ms)[0m  SELECT  "things".* FROM "things" WHERE "things"."id" = $1 LIMIT 1  [["id", 2]]
  [1m[36mUser Load (0.9ms)[0m  [1mSELECT  "users".* FROM "users" WHERE "users"."uid" = $1 LIMIT 1[0m  [["uid", "mike@bbunch.org"]]
Processing by ThingsController#show as JSON
  Parameters: {"id"=>"2"}
  [1m[35mThing Load (0.9ms)[0m  SELECT  "things".* FROM "things" WHERE "things"."id" = $1 LIMIT 1  [["id", 2]]
  [1m[36mUser Load (0.9ms)[0m  [1mSELECT  "users".* FROM "users" WHERE "users"."uid" = $1 LIMIT 1[0m  [["uid", "mike@bbunch.org"]]
  [1m[35mRole Exists (0.4ms)[0m  SELECT  1 AS one FROM "roles" WHERE "roles"."user_id" = $1 AND "roles"."role_name" = $2 LIMIT 1  [["user_id", 1], ["role_name", "admin"]]
  [1m[35mRole Exists (0.6ms)[0m  SELECT  1 AS one FROM "roles" WHERE "roles"."user_id" = $1 AND "roles"."role_name" = $2 LIMIT 1  [["user_id", 1], ["role_name", "admin"]]
  [1m[36mThing Load (1.8ms)[0m  [1mSELECT Things.*, r.role_name FROM "things" left join Roles r on r.mname='Thing' and r.mid=Things.id and r.user_id =1 WHERE "things"."id" = $1[0m  [["id", 2]]
  [1m[36mThing Load (1.6ms)[0m  [1mSELECT Things.*, r.role_name FROM "things" left join Roles r on r.mname='Thing' and r.mid=Things.id and r.user_id =1 WHERE "things"."id" = $1[0m  [["id", 2]]
  [1m[35mRole Exists (0.5ms)[0m  SELECT  1 AS one FROM "roles" WHERE "roles"."user_id" = $1 AND "roles"."role_name" = $2 LIMIT 1  [["user_id", 1], ["role_name", "admin"]]
  [1m[35mRole Exists (0.5ms)[0m  SELECT  1 AS one FROM "roles" WHERE "roles"."user_id" = $1 AND "roles"."role_name" = $2 LIMIT 1  [["user_id", 1], ["role_name", "admin"]]
  Rendered things/_thing.json.jbuilder (4.9ms)
  Rendered things/_thing.json.jbuilder (6.4ms)
  Rendered things/show.json.jbuilder (74.6ms)
  [1m[36m (0.2ms)[0m  [1mBEGIN[0m
  Rendered things/show.json.jbuilder (77.4ms)
  [1m[35mUser Load (0.6ms)[0m  SELECT  "users".* FROM "users" WHERE "users"."id" = $1 LIMIT 1 FOR UPDATE  [["id", 1]]
  [1m[36mSQL (0.5ms)[0m  [1mUPDATE "users" SET "tokens" = $1, "updated_at" = $2 WHERE "users"."id" = $3[0m  [["tokens", "{\"3fWKEEPcYVf5SUaBGp66Aw\":{\"token\":\"$2a$10$FXG7CxKtRqw037sJCwti1edQHlkrdseaigxPgIbBopcTe6JRMfuuu\",\"expiry\":1493564680,\"last_token\":\"$2a$10$0siuhcJb0edO.O20/TJ0NeRW6JcFa36S3YR4WMS3qvUVFnqofIirq\",\"updated_at\":\"2017-04-16T18:04:40.583+03:00\"},\"cY8fOx0V231T_gN9cFyVbg\":{\"token\":\"$2a$10$NlF7K3lotIiP2wPs.zYmMuZCsjCNevWpO4LNorPd55eAH3U54AC.y\",\"expiry\":1493673964,\"last_token\":\"$2a$10$i5QeG/K7NIuo0CAkPHbXzODHDPvKMrIJJNTr5uzZxD6lCPm8AHcay\",\"updated_at\":\"2017-04-18T00:26:05.901+03:00\"}}"], ["updated_at", "2017-04-17 21:26:05.902577"], ["id", 1]]
  [1m[36m (1.1ms)[0m  [1mBEGIN[0m
  [1m[35m (17.3ms)[0m  COMMIT
  [1m[35mUser Load (14.0ms)[0m  SELECT  "users".* FROM "users" WHERE "users"."id" = $1 LIMIT 1 FOR UPDATE  [["id", 1]]
Completed 200 OK in 997ms (Views: 134.0ms | ActiveRecord: 24.5ms)


Started GET "/api/things/2" for 127.0.0.1 at 2017-04-18 00:26:05 +0300
Processing by ThingsController#show as JSON
  Parameters: {"id"=>"2"}
  [1m[36mThing Load (0.4ms)[0m  [1mSELECT  "things".* FROM "things" WHERE "things"."id" = $1 LIMIT 1[0m  [["id", 2]]
  [1m[35mUser Load (0.6ms)[0m  SELECT  "users".* FROM "users" WHERE "users"."uid" = $1 LIMIT 1  [["uid", "mike@bbunch.org"]]
  [1m[36mSQL (0.6ms)[0m  [1mUPDATE "users" SET "tokens" = $1, "updated_at" = $2 WHERE "users"."id" = $3[0m  [["tokens", "{\"3fWKEEPcYVf5SUaBGp66Aw\":{\"token\":\"$2a$10$FXG7CxKtRqw037sJCwti1edQHlkrdseaigxPgIbBopcTe6JRMfuuu\",\"expiry\":1493564680,\"last_token\":\"$2a$10$0siuhcJb0edO.O20/TJ0NeRW6JcFa36S3YR4WMS3qvUVFnqofIirq\",\"updated_at\":\"2017-04-16T18:04:40.583+03:00\"},\"cY8fOx0V231T_gN9cFyVbg\":{\"token\":\"$2a$10$NlF7K3lotIiP2wPs.zYmMuZCsjCNevWpO4LNorPd55eAH3U54AC.y\",\"expiry\":1493673964,\"last_token\":\"$2a$10$i5QeG/K7NIuo0CAkPHbXzODHDPvKMrIJJNTr5uzZxD6lCPm8AHcay\",\"updated_at\":\"2017-04-18T00:26:05.929+03:00\"}}"], ["updated_at", "2017-04-17 21:26:05.939218"], ["id", 1]]
  [1m[35m (22.2ms)[0m  COMMIT
Completed 200 OK in 1003ms (Views: 138.0ms | ActiveRecord: 54.6ms)
  [1m[36mRole Exists (0.4ms)[0m  [1mSELECT  1 AS one FROM "roles" WHERE "roles"."user_id" = $1 AND "roles"."role_name" = $2 LIMIT 1[0m  [["user_id", 1], ["role_name", "admin"]]
  [1m[35mThing Load (0.7ms)[0m  SELECT Things.*, r.role_name FROM "things" left join Roles r on r.mname='Thing' and r.mid=Things.id and r.user_id =1 WHERE "things"."id" = $1  [["id", 2]]
  [1m[36mRole Exists (0.4ms)[0m  [1mSELECT  1 AS one FROM "roles" WHERE "roles"."user_id" = $1 AND "roles"."role_name" = $2 LIMIT 1[0m  [["user_id", 1], ["role_name", "admin"]]
  Rendered things/_thing.json.jbuilder (2.3ms)
  Rendered things/show.json.jbuilder (3.5ms)
  [1m[35m (0.1ms)[0m  BEGIN
  [1m[36mUser Load (0.5ms)[0m  [1mSELECT  "users".* FROM "users" WHERE "users"."id" = $1 LIMIT 1 FOR UPDATE[0m  [["id", 1]]
  [1m[35mSQL (1.8ms)[0m  UPDATE "users" SET "tokens" = $1, "updated_at" = $2 WHERE "users"."id" = $3  [["tokens", "{\"3fWKEEPcYVf5SUaBGp66Aw\":{\"token\":\"$2a$10$FXG7CxKtRqw037sJCwti1edQHlkrdseaigxPgIbBopcTe6JRMfuuu\",\"expiry\":1493564680,\"last_token\":\"$2a$10$0siuhcJb0edO.O20/TJ0NeRW6JcFa36S3YR4WMS3qvUVFnqofIirq\",\"updated_at\":\"2017-04-16T18:04:40.583+03:00\"},\"cY8fOx0V231T_gN9cFyVbg\":{\"token\":\"$2a$10$NlF7K3lotIiP2wPs.zYmMuZCsjCNevWpO4LNorPd55eAH3U54AC.y\",\"expiry\":1493673964,\"last_token\":\"$2a$10$i5QeG/K7NIuo0CAkPHbXzODHDPvKMrIJJNTr5uzZxD6lCPm8AHcay\",\"updated_at\":\"2017-04-18T00:26:06.336+03:00\"}}"], ["updated_at", "2017-04-17 21:26:06.337450"], ["id", 1]]
  [1m[36m (38.3ms)[0m  [1mCOMMIT[0m
Completed 200 OK in 443ms (Views: 4.6ms | ActiveRecord: 43.4ms)


Started GET "/api/things/2" for 127.0.0.1 at 2017-04-18 00:26:06 +0300
Processing by ThingsController#show as JSON
  Parameters: {"id"=>"2"}
  [1m[35mThing Load (0.7ms)[0m  SELECT  "things".* FROM "things" WHERE "things"."id" = $1 LIMIT 1  [["id", 2]]
  [1m[36mUser Load (0.6ms)[0m  [1mSELECT  "users".* FROM "users" WHERE "users"."uid" = $1 LIMIT 1[0m  [["uid", "mike@bbunch.org"]]
  [1m[35mRole Exists (0.4ms)[0m  SELECT  1 AS one FROM "roles" WHERE "roles"."user_id" = $1 AND "roles"."role_name" = $2 LIMIT 1  [["user_id", 1], ["role_name", "admin"]]
  [1m[36mThing Load (0.7ms)[0m  [1mSELECT Things.*, r.role_name FROM "things" left join Roles r on r.mname='Thing' and r.mid=Things.id and r.user_id =1 WHERE "things"."id" = $1[0m  [["id", 2]]
  [1m[35mRole Exists (0.6ms)[0m  SELECT  1 AS one FROM "roles" WHERE "roles"."user_id" = $1 AND "roles"."role_name" = $2 LIMIT 1  [["user_id", 1], ["role_name", "admin"]]
  Rendered things/_thing.json.jbuilder (3.1ms)
  Rendered things/show.json.jbuilder (4.8ms)
  [1m[36m (0.2ms)[0m  [1mBEGIN[0m
  [1m[35mUser Load (0.6ms)[0m  SELECT  "users".* FROM "users" WHERE "users"."id" = $1 LIMIT 1 FOR UPDATE  [["id", 1]]
  [1m[36mSQL (0.5ms)[0m  [1mUPDATE "users" SET "tokens" = $1, "updated_at" = $2 WHERE "users"."id" = $3[0m  [["tokens", "{\"3fWKEEPcYVf5SUaBGp66Aw\":{\"token\":\"$2a$10$FXG7CxKtRqw037sJCwti1edQHlkrdseaigxPgIbBopcTe6JRMfuuu\",\"expiry\":1493564680,\"last_token\":\"$2a$10$0siuhcJb0edO.O20/TJ0NeRW6JcFa36S3YR4WMS3qvUVFnqofIirq\",\"updated_at\":\"2017-04-16T18:04:40.583+03:00\"},\"cY8fOx0V231T_gN9cFyVbg\":{\"token\":\"$2a$10$NlF7K3lotIiP2wPs.zYmMuZCsjCNevWpO4LNorPd55eAH3U54AC.y\",\"expiry\":1493673964,\"last_token\":\"$2a$10$i5QeG/K7NIuo0CAkPHbXzODHDPvKMrIJJNTr5uzZxD6lCPm8AHcay\",\"updated_at\":\"2017-04-18T00:26:06.600+03:00\"}}"], ["updated_at", "2017-04-17 21:26:06.602126"], ["id", 1]]
  [1m[35m (27.8ms)[0m  COMMIT
Completed 200 OK in 245ms (Views: 6.0ms | ActiveRecord: 32.0ms)


Started GET "/api/geocoder/positions?lat=48.451265199999995&lng=35.056319099999996" for 127.0.0.1 at 2017-04-18 00:26:06 +0300
Processing by GeocoderController#positions as JSON
  Parameters: {"lat"=>"48.451265199999995", "lng"=>"35.056319099999996"}
Completed 200 OK in 769ms (Views: 0.5ms | ActiveRecord: 0.0ms)


Started GET "/" for 127.0.0.1 at 2017-04-18 00:29:22 +0300
  [1m[36mActiveRecord::SchemaMigration Load (1.0ms)[0m  [1mSELECT "schema_migrations".* FROM "schema_migrations"[0m
Processing by UiController#index as HTML
  Rendered ui/index.html.erb (1557.7ms)
Completed 200 OK in 1587ms (Views: 1574.6ms | ActiveRecord: 0.0ms)


Started GET "/auth/validate_token" for 127.0.0.1 at 2017-04-18 00:29:25 +0300
Processing by DeviseTokenAuth::TokenValidationsController#validate_token as HTML
  [1m[35mUser Load (1.2ms)[0m  SELECT  "users".* FROM "users" WHERE "users"."uid" = $1 LIMIT 1  [["uid", "mike@bbunch.org"]]
  [1m[36m (2.2ms)[0m  [1mBEGIN[0m
  [1m[35mUser Load (0.6ms)[0m  SELECT  "users".* FROM "users" WHERE "users"."id" = $1 LIMIT 1 FOR UPDATE  [["id", 1]]
  [1m[36mSQL (1.0ms)[0m  [1mUPDATE "users" SET "tokens" = $1, "updated_at" = $2 WHERE "users"."id" = $3[0m  [["tokens", "{\"3fWKEEPcYVf5SUaBGp66Aw\":{\"token\":\"$2a$10$FXG7CxKtRqw037sJCwti1edQHlkrdseaigxPgIbBopcTe6JRMfuuu\",\"expiry\":1493564680,\"last_token\":\"$2a$10$0siuhcJb0edO.O20/TJ0NeRW6JcFa36S3YR4WMS3qvUVFnqofIirq\",\"updated_at\":\"2017-04-16T18:04:40.583+03:00\"},\"cY8fOx0V231T_gN9cFyVbg\":{\"token\":\"$2a$10$ZIxYf0t0baetdPdQUNZYGOMBOeBgZMhUhayT4CrCLL2plbA7B.c8m\",\"expiry\":1493674165,\"last_token\":\"$2a$10$NlF7K3lotIiP2wPs.zYmMuZCsjCNevWpO4LNorPd55eAH3U54AC.y\",\"updated_at\":\"2017-04-18T00:29:25.894+03:00\"}}"], ["updated_at", "2017-04-17 21:29:25.896279"], ["id", 1]]
  [1m[35m (17.6ms)[0m  COMMIT
Completed 200 OK in 581ms (Views: 0.6ms | ActiveRecord: 27.7ms)


Started GET "/assets/spa-demo/layout/navbar/navbar-55c778f9bd9d89868f73c357b831db078acc2969c34ee5bc3e845440d7fdd091.html" for 127.0.0.1 at 2017-04-18 00:29:25 +0300


Started GET "/assets/spa-demo/pages/subjects_page-d07c30ba44f1034b5f3c13b58370f2edad3ef47b2f9c48fc1637ed1c0cc5b96a.html" for 127.0.0.1 at 2017-04-18 00:29:25 +0300


Started GET "/assets/spa-demo/geoloc/current_origin/current_origin_selector-4e5620371d52202d514590fd0f99333b8c3c61fc81e44e51397650c6107ba2e6.html" for 127.0.0.1 at 2017-04-18 00:29:26 +0300


Started GET "/assets/spa-demo/authn/authn_session/authn_session-febc3c956a8a908d42a91c083d0e8ce6ca7bf3bbe676f7c288cd2adaabd9e8f4.html" for 127.0.0.1 at 2017-04-18 00:29:26 +0300


Started GET "/assets/spa-demo/layout/areas/areas-45971bb1612786dff04e16f24d7bb7b0879eda0e40650ed944ef3a49bd5f1f69.html" for 127.0.0.1 at 2017-04-18 00:29:26 +0300


Started GET "/assets/spa-demo/layout/areas/area-ddcba5b9ee7dcdd3d6faa7a856059182ba333878bc6f28e3d718e7fdc8edf994.html" for 127.0.0.1 at 2017-04-18 00:29:26 +0300


Started GET "/assets/spa-demo/layout/tabs/tabs-ae22c495dbfb917966bdc4a4939c8134c8058c39d6a6b37dcbe581cd6627edca.html" for 127.0.0.1 at 2017-04-18 00:29:26 +0300


Started GET "/assets/spa-demo/layout/tabs/tab-ca64ac655f93bea43770de6133d6373f585d80bb96647aa695c53e630733e299.html" for 127.0.0.1 at 2017-04-18 00:29:26 +0300


Started GET "/assets/spa-demo/subjects/current_things/current_things-25d9e018e4fd7262fd79bc02fc9731841a43de0cc6e7519f632c3d09547d4806.html" for 127.0.0.1 at 2017-04-18 00:29:26 +0300


Started GET "/assets/spa-demo/subjects/current_images/current_images-c3753bab2a231eada127c95394e4d053ead90a31ff2bc130b30f06e10868eaf9.html" for 127.0.0.1 at 2017-04-18 00:29:26 +0300


Started GET "/assets/spa-demo/subjects/current_images/current_image_viewer-6e2b1180de5e34285509998cd11d2573db371feeaab5cd7665b02c8dd1f405bf.html" for 127.0.0.1 at 2017-04-18 00:29:26 +0300


Started GET "/assets/spa-demo/subjects/current_things/current_thing_info-2e24ad465c87f9b898c8e540dd72f2317eb3bc1e2fd98a79b61b8fa9ebb12028.html" for 127.0.0.1 at 2017-04-18 00:29:26 +0300


Started GET "/api/subjects?lat=39.28583496489344&lng=-76.61183685064316&order=ASC" for 127.0.0.1 at 2017-04-18 00:29:26 +0300
Processing by ThingImagesController#subjects as JSON
  Parameters: {"lat"=>"39.28583496489344", "lng"=>"-76.61183685064316", "order"=>"ASC"}
  [1m[36m (2.4ms)[0m  [1mselect max(modified) as last_modified from (
select max(updated_at) as modified from things
 union
select max(updated_at) as modified from images
 union
select max(updated_at) as modified from thing_images
) as x[0m
Completed 304 Not Modified in 37ms (ActiveRecord: 2.4ms)


Started GET "/api/subjects?lat=39.28583496489344&lng=-76.61183685064316&order=ASC&subject=thing" for 127.0.0.1 at 2017-04-18 00:29:26 +0300
Processing by ThingImagesController#subjects as JSON
  Parameters: {"lat"=>"39.28583496489344", "lng"=>"-76.61183685064316", "order"=>"ASC", "subject"=>"thing"}
  [1m[35m (3.3ms)[0m  select max(modified) as last_modified from (
select max(updated_at) as modified from things
 union
select max(updated_at) as modified from images
 union
select max(updated_at) as modified from thing_images
) as x
Completed 304 Not Modified in 5ms (ActiveRecord: 3.3ms)


Started GET "/assets/spa-demo/layout/image_viewer/image_viewer-be2bbb01fc8ab65297909c228423a1f0e2563bf5794c3e1b3f426ff9fa562d96.html" for 127.0.0.1 at 2017-04-18 00:29:26 +0300


Started GET "/authn/whoami" for 127.0.0.1 at 2017-04-18 00:29:26 +0300
Processing by AuthnController#whoami as JSON
  [1m[36mUser Load (1.1ms)[0m  [1mSELECT  "users".* FROM "users" WHERE "users"."uid" = $1 LIMIT 1[0m  [["uid", "mike@bbunch.org"]]
  [1m[35m (1.1ms)[0m  SELECT "roles"."role_name", "roles"."mname" FROM "roles" WHERE "roles"."user_id" = $1 AND (mid is null)  [["user_id", 1]]
  Rendered authn/whoami.json.jbuilder (6.1ms)
  [1m[36m (0.2ms)[0m  [1mBEGIN[0m
  [1m[35mUser Load (0.6ms)[0m  SELECT  "users".* FROM "users" WHERE "users"."id" = $1 LIMIT 1 FOR UPDATE  [["id", 1]]
  [1m[36mSQL (1.0ms)[0m  [1mUPDATE "users" SET "tokens" = $1, "updated_at" = $2 WHERE "users"."id" = $3[0m  [["tokens", "{\"3fWKEEPcYVf5SUaBGp66Aw\":{\"token\":\"$2a$10$FXG7CxKtRqw037sJCwti1edQHlkrdseaigxPgIbBopcTe6JRMfuuu\",\"expiry\":1493564680,\"last_token\":\"$2a$10$0siuhcJb0edO.O20/TJ0NeRW6JcFa36S3YR4WMS3qvUVFnqofIirq\",\"updated_at\":\"2017-04-16T18:04:40.583+03:00\"},\"cY8fOx0V231T_gN9cFyVbg\":{\"token\":\"$2a$10$ZIxYf0t0baetdPdQUNZYGOMBOeBgZMhUhayT4CrCLL2plbA7B.c8m\",\"expiry\":1493674165,\"last_token\":\"$2a$10$NlF7K3lotIiP2wPs.zYmMuZCsjCNevWpO4LNorPd55eAH3U54AC.y\",\"updated_at\":\"2017-04-18T00:29:27.366+03:00\"}}"], ["updated_at", "2017-04-17 21:29:27.368424"], ["id", 1]]
  [1m[35m (26.7ms)[0m  COMMIT
Completed 200 OK in 420ms (Views: 35.4ms | ActiveRecord: 32.7ms)


Started GET "/api/things/2" for 127.0.0.1 at 2017-04-18 00:29:27 +0300
Processing by ThingsController#show as JSON
  Parameters: {"id"=>"2"}
  [1m[36mThing Load (0.5ms)[0m  [1mSELECT  "things".* FROM "things" WHERE "things"."id" = $1 LIMIT 1[0m  [["id", 2]]
  [1m[35mUser Load (0.5ms)[0m  SELECT  "users".* FROM "users" WHERE "users"."uid" = $1 LIMIT 1  [["uid", "mike@bbunch.org"]]
  [1m[36mRole Exists (0.5ms)[0m  [1mSELECT  1 AS one FROM "roles" WHERE "roles"."user_id" = $1 AND "roles"."role_name" = $2 LIMIT 1[0m  [["user_id", 1], ["role_name", "admin"]]
  [1m[35mThing Load (0.7ms)[0m  SELECT Things.*, r.role_name FROM "things" left join Roles r on r.mname='Thing' and r.mid=Things.id and r.user_id =1 WHERE "things"."id" = $1  [["id", 2]]
  [1m[36mRole Exists (0.5ms)[0m  [1mSELECT  1 AS one FROM "roles" WHERE "roles"."user_id" = $1 AND "roles"."role_name" = $2 LIMIT 1[0m  [["user_id", 1], ["role_name", "admin"]]
  Rendered things/_thing.json.jbuilder (3.9ms)
  Rendered things/show.json.jbuilder (43.2ms)
  [1m[35m (0.2ms)[0m  BEGIN
  [1m[36mUser Load (0.6ms)[0m  [1mSELECT  "users".* FROM "users" WHERE "users"."id" = $1 LIMIT 1 FOR UPDATE[0m  [["id", 1]]
  [1m[35mSQL (3.2ms)[0m  UPDATE "users" SET "tokens" = $1, "updated_at" = $2 WHERE "users"."id" = $3  [["tokens", "{\"3fWKEEPcYVf5SUaBGp66Aw\":{\"token\":\"$2a$10$FXG7CxKtRqw037sJCwti1edQHlkrdseaigxPgIbBopcTe6JRMfuuu\",\"expiry\":1493564680,\"last_token\":\"$2a$10$0siuhcJb0edO.O20/TJ0NeRW6JcFa36S3YR4WMS3qvUVFnqofIirq\",\"updated_at\":\"2017-04-16T18:04:40.583+03:00\"},\"cY8fOx0V231T_gN9cFyVbg\":{\"token\":\"$2a$10$ZIxYf0t0baetdPdQUNZYGOMBOeBgZMhUhayT4CrCLL2plbA7B.c8m\",\"expiry\":1493674165,\"last_token\":\"$2a$10$NlF7K3lotIiP2wPs.zYmMuZCsjCNevWpO4LNorPd55eAH3U54AC.y\",\"updated_at\":\"2017-04-18T00:29:27.557+03:00\"}}"], ["updated_at", "2017-04-17 21:29:27.559436"], ["id", 1]]
  [1m[36m (21.9ms)[0m  [1mCOMMIT[0m
Completed 200 OK in 161ms (Views: 53.7ms | ActiveRecord: 30.5ms)


Started GET "/api/things/2" for 127.0.0.1 at 2017-04-18 00:29:27 +0300
Processing by ThingsController#show as JSON
  Parameters: {"id"=>"2"}
  [1m[35mThing Load (0.5ms)[0m  SELECT  "things".* FROM "things" WHERE "things"."id" = $1 LIMIT 1  [["id", 2]]
  [1m[36mUser Load (0.6ms)[0m  [1mSELECT  "users".* FROM "users" WHERE "users"."uid" = $1 LIMIT 1[0m  [["uid", "mike@bbunch.org"]]
  [1m[35mRole Exists (0.4ms)[0m  SELECT  1 AS one FROM "roles" WHERE "roles"."user_id" = $1 AND "roles"."role_name" = $2 LIMIT 1  [["user_id", 1], ["role_name", "admin"]]
  [1m[36mThing Load (0.9ms)[0m  [1mSELECT Things.*, r.role_name FROM "things" left join Roles r on r.mname='Thing' and r.mid=Things.id and r.user_id =1 WHERE "things"."id" = $1[0m  [["id", 2]]
  [1m[35mRole Exists (0.4ms)[0m  SELECT  1 AS one FROM "roles" WHERE "roles"."user_id" = $1 AND "roles"."role_name" = $2 LIMIT 1  [["user_id", 1], ["role_name", "admin"]]
  Rendered things/_thing.json.jbuilder (5.1ms)
  Rendered things/show.json.jbuilder (6.4ms)
  [1m[36m (0.2ms)[0m  [1mBEGIN[0m
  [1m[35mUser Load (0.6ms)[0m  SELECT  "users".* FROM "users" WHERE "users"."id" = $1 LIMIT 1 FOR UPDATE  [["id", 1]]
  [1m[36mSQL (2.4ms)[0m  [1mUPDATE "users" SET "tokens" = $1, "updated_at" = $2 WHERE "users"."id" = $3[0m  [["tokens", "{\"3fWKEEPcYVf5SUaBGp66Aw\":{\"token\":\"$2a$10$FXG7CxKtRqw037sJCwti1edQHlkrdseaigxPgIbBopcTe6JRMfuuu\",\"expiry\":1493564680,\"last_token\":\"$2a$10$0siuhcJb0edO.O20/TJ0NeRW6JcFa36S3YR4WMS3qvUVFnqofIirq\",\"updated_at\":\"2017-04-16T18:04:40.583+03:00\"},\"cY8fOx0V231T_gN9cFyVbg\":{\"token\":\"$2a$10$ZIxYf0t0baetdPdQUNZYGOMBOeBgZMhUhayT4CrCLL2plbA7B.c8m\",\"expiry\":1493674165,\"last_token\":\"$2a$10$NlF7K3lotIiP2wPs.zYmMuZCsjCNevWpO4LNorPd55eAH3U54AC.y\",\"updated_at\":\"2017-04-18T00:29:27.624+03:00\"}}"], ["updated_at", "2017-04-17 21:29:27.625898"], ["id", 1]]
  [1m[35m (13.6ms)[0m  COMMIT
Completed 200 OK in 46ms (Views: 7.6ms | ActiveRecord: 19.8ms)


Started GET "/api/things/2" for 127.0.0.1 at 2017-04-18 00:29:27 +0300
Processing by ThingsController#show as JSON
  Parameters: {"id"=>"2"}
  [1m[36mThing Load (0.4ms)[0m  [1mSELECT  "things".* FROM "things" WHERE "things"."id" = $1 LIMIT 1[0m  [["id", 2]]
  [1m[35mUser Load (0.5ms)[0m  SELECT  "users".* FROM "users" WHERE "users"."uid" = $1 LIMIT 1  [["uid", "mike@bbunch.org"]]
  [1m[36mRole Exists (0.4ms)[0m  [1mSELECT  1 AS one FROM "roles" WHERE "roles"."user_id" = $1 AND "roles"."role_name" = $2 LIMIT 1[0m  [["user_id", 1], ["role_name", "admin"]]
  [1m[35mThing Load (1.0ms)[0m  SELECT Things.*, r.role_name FROM "things" left join Roles r on r.mname='Thing' and r.mid=Things.id and r.user_id =1 WHERE "things"."id" = $1  [["id", 2]]
  [1m[36mRole Exists (0.4ms)[0m  [1mSELECT  1 AS one FROM "roles" WHERE "roles"."user_id" = $1 AND "roles"."role_name" = $2 LIMIT 1[0m  [["user_id", 1], ["role_name", "admin"]]
  Rendered things/_thing.json.jbuilder (2.6ms)
  Rendered things/show.json.jbuilder (6.0ms)
  [1m[35m (2.3ms)[0m  BEGIN
  [1m[36mUser Load (0.9ms)[0m  [1mSELECT  "users".* FROM "users" WHERE "users"."id" = $1 LIMIT 1 FOR UPDATE[0m  [["id", 1]]
  [1m[35mSQL (2.3ms)[0m  UPDATE "users" SET "tokens" = $1, "updated_at" = $2 WHERE "users"."id" = $3  [["tokens", "{\"3fWKEEPcYVf5SUaBGp66Aw\":{\"token\":\"$2a$10$FXG7CxKtRqw037sJCwti1edQHlkrdseaigxPgIbBopcTe6JRMfuuu\",\"expiry\":1493564680,\"last_token\":\"$2a$10$0siuhcJb0edO.O20/TJ0NeRW6JcFa36S3YR4WMS3qvUVFnqofIirq\",\"updated_at\":\"2017-04-16T18:04:40.583+03:00\"},\"cY8fOx0V231T_gN9cFyVbg\":{\"token\":\"$2a$10$ZIxYf0t0baetdPdQUNZYGOMBOeBgZMhUhayT4CrCLL2plbA7B.c8m\",\"expiry\":1493674165,\"last_token\":\"$2a$10$NlF7K3lotIiP2wPs.zYmMuZCsjCNevWpO4LNorPd55eAH3U54AC.y\",\"updated_at\":\"2017-04-18T00:29:28.003+03:00\"}}"], ["updated_at", "2017-04-17 21:29:28.015487"], ["id", 1]]
  [1m[36m (70.3ms)[0m  [1mCOMMIT[0m
Completed 200 OK in 114ms (Views: 9.1ms | ActiveRecord: 78.5ms)


Started GET "/api/things/2" for 127.0.0.1 at 2017-04-18 00:29:28 +0300
Processing by ThingsController#show as JSON
  Parameters: {"id"=>"2"}
  [1m[35mThing Load (0.5ms)[0m  SELECT  "things".* FROM "things" WHERE "things"."id" = $1 LIMIT 1  [["id", 2]]
  [1m[36mUser Load (0.5ms)[0m  [1mSELECT  "users".* FROM "users" WHERE "users"."uid" = $1 LIMIT 1[0m  [["uid", "mike@bbunch.org"]]
  [1m[35mRole Exists (1.9ms)[0m  SELECT  1 AS one FROM "roles" WHERE "roles"."user_id" = $1 AND "roles"."role_name" = $2 LIMIT 1  [["user_id", 1], ["role_name", "admin"]]
  [1m[36mThing Load (1.1ms)[0m  [1mSELECT Things.*, r.role_name FROM "things" left join Roles r on r.mname='Thing' and r.mid=Things.id and r.user_id =1 WHERE "things"."id" = $1[0m  [["id", 2]]
  [1m[35mRole Exists (0.6ms)[0m  SELECT  1 AS one FROM "roles" WHERE "roles"."user_id" = $1 AND "roles"."role_name" = $2 LIMIT 1  [["user_id", 1], ["role_name", "admin"]]
  Rendered things/_thing.json.jbuilder (5.4ms)
  Rendered things/show.json.jbuilder (6.4ms)
  [1m[36m (0.5ms)[0m  [1mBEGIN[0m
  [1m[35mUser Load (1.4ms)[0m  SELECT  "users".* FROM "users" WHERE "users"."id" = $1 LIMIT 1 FOR UPDATE  [["id", 1]]
  [1m[36mSQL (0.7ms)[0m  [1mUPDATE "users" SET "tokens" = $1, "updated_at" = $2 WHERE "users"."id" = $3[0m  [["tokens", "{\"3fWKEEPcYVf5SUaBGp66Aw\":{\"token\":\"$2a$10$FXG7CxKtRqw037sJCwti1edQHlkrdseaigxPgIbBopcTe6JRMfuuu\",\"expiry\":1493564680,\"last_token\":\"$2a$10$0siuhcJb0edO.O20/TJ0NeRW6JcFa36S3YR4WMS3qvUVFnqofIirq\",\"updated_at\":\"2017-04-16T18:04:40.583+03:00\"},\"cY8fOx0V231T_gN9cFyVbg\":{\"token\":\"$2a$10$ZIxYf0t0baetdPdQUNZYGOMBOeBgZMhUhayT4CrCLL2plbA7B.c8m\",\"expiry\":1493674165,\"last_token\":\"$2a$10$NlF7K3lotIiP2wPs.zYmMuZCsjCNevWpO4LNorPd55eAH3U54AC.y\",\"updated_at\":\"2017-04-18T00:29:28.142+03:00\"}}"], ["updated_at", "2017-04-17 21:29:28.143809"], ["id", 1]]
  [1m[35m (114.7ms)[0m  COMMIT
Completed 200 OK in 148ms (Views: 7.0ms | ActiveRecord: 122.0ms)


Started GET "/api/geocoder/positions?lat=48.451255499999995&lng=35.056309299999995" for 127.0.0.1 at 2017-04-18 00:29:28 +0300
Processing by GeocoderController#positions as JSON
  Parameters: {"lat"=>"48.451255499999995", "lng"=>"35.056309299999995"}
Completed 200 OK in 723ms (Views: 0.5ms | ActiveRecord: 0.0ms)


Started GET "/assets/spa-demo/pages/about-e6312fb1ce61a10f1e7cd2d13b437be2e1aedd7f29fc474a4802f6b50489042e.html" for 127.0.0.1 at 2017-04-18 00:29:43 +0300
